Log file open, 07/08/19 14:22:26
LogWindows: Failed to load 'aqProf.dll' (GetLastError=126)
LogWindows: File 'aqProf.dll' does not exist
LogWindows: Failed to load 'VtuneApi.dll' (GetLastError=126)
LogWindows: File 'VtuneApi.dll' does not exist
LogWindows: Failed to load 'VtuneApi32e.dll' (GetLastError=126)
LogWindows: File 'VtuneApi32e.dll' does not exist
LogConsoleResponse: Display: Failed to find resolution value strings in scalability ini. Falling back to default.
LogInit: Display: Running engine for game: sidescroller
LogPakFile: Registered encryption key '00000000000000000000000000000000': 0 pak files mounted, 0 remain pending
LogPlatformFile: Not using cached read wrapper
LogTaskGraph: Started task graph with 5 named threads and 35 total threads with 3 sets of task threads.
LogStats: Stats thread started at 0.601360
LogD3D11RHI: Loaded GFSDK_Aftermath_Lib.x64.dll
LogICUInternationalization: ICU TimeZone Detection - Raw Offset: -5:00, Platform Override: ''
LogPluginManager: Mounting plugin Paper2D
LogPluginManager: Mounting plugin AISupport
LogPluginManager: Mounting plugin LightPropagationVolume
LogPluginManager: Mounting plugin ActorLayerUtilities
LogPluginManager: Mounting plugin AnimationSharing
LogPluginManager: Mounting plugin CLionSourceCodeAccess
LogPluginManager: Mounting plugin CodeLiteSourceCodeAccess
LogPluginManager: Mounting plugin GitSourceControl
LogPluginManager: Mounting plugin KDevelopSourceCodeAccess
LogPluginManager: Mounting plugin NullSourceCodeAccess
LogPluginManager: Mounting plugin PerforceSourceControl
LogPluginManager: Mounting plugin SubversionSourceControl
LogPluginManager: Mounting plugin UObjectPlugin
LogPluginManager: Mounting plugin VisualStudioCodeSourceCodeAccess
LogPluginManager: Mounting plugin VisualStudioSourceCodeAccess
LogPluginManager: Mounting plugin XCodeSourceCodeAccess
LogPluginManager: Mounting plugin AssetManagerEditor
LogPluginManager: Mounting plugin CryptoKeys
LogPluginManager: Mounting plugin DataValidation
LogPluginManager: Mounting plugin FacialAnimation
LogPluginManager: Mounting plugin GameplayTagsEditor
LogPluginManager: Mounting plugin MacGraphicsSwitching
LogPluginManager: Mounting plugin MaterialAnalyzer
LogPluginManager: Mounting plugin MobileLauncherProfileWizard
LogPluginManager: Mounting plugin PluginBrowser
LogPluginManager: Mounting plugin SpeedTreeImporter
LogPluginManager: Mounting plugin DatasmithContent
LogPluginManager: Mounting plugin VariantManagerContent
LogPluginManager: Mounting plugin AlembicImporter
LogPluginManager: Mounting plugin AppleImageUtils
LogPluginManager: Mounting plugin AppleVision
LogPluginManager: Mounting plugin BackChannel
LogPluginManager: Mounting plugin CharacterAI
LogPluginManager: Mounting plugin GeometryCache
LogPluginManager: Mounting plugin HTML5Networking
LogPluginManager: Mounting plugin ProxyLODPlugin
LogPluginManager: Mounting plugin SkeletalReduction
LogPluginManager: Mounting plugin MagicLeap
LogPluginManager: Mounting plugin MagicLeapMedia
LogPluginManager: Mounting plugin AndroidMedia
LogPluginManager: Mounting plugin AvfMedia
LogPluginManager: Mounting plugin ImgMedia
LogPluginManager: Mounting plugin LinearTimecode
LogPluginManager: Mounting plugin MediaCompositing
LogPluginManager: Mounting plugin MediaPlayerEditor
LogPluginManager: Mounting plugin WebMMedia
LogPluginManager: Mounting plugin WmfMedia
LogPluginManager: Mounting plugin TcpMessaging
LogPluginManager: Mounting plugin UdpMessaging
LogPluginManager: Mounting plugin ActorSequence
LogPluginManager: Mounting plugin LevelSequenceEditor
LogPluginManager: Mounting plugin MatineeToLevelSequence
LogPluginManager: Mounting plugin NetcodeUnitTest
LogPluginManager: Mounting plugin NUTUnrealEngine4
LogPluginManager: Mounting plugin OnlineSubsystemGooglePlay
LogPluginManager: Mounting plugin OnlineSubsystemIOS
LogPluginManager: Mounting plugin OnlineSubsystem
LogPluginManager: Mounting plugin OnlineSubsystemNull
LogPluginManager: Mounting plugin OnlineSubsystemUtils
LogPluginManager: Mounting plugin LauncherChunkInstaller
LogPluginManager: Mounting plugin AndroidDeviceProfileSelector
LogPluginManager: Mounting plugin AndroidMoviePlayer
LogPluginManager: Mounting plugin AndroidPermission
LogPluginManager: Mounting plugin AppleMoviePlayer
LogPluginManager: Mounting plugin ArchVisCharacter
LogPluginManager: Mounting plugin AudioCapture
LogPluginManager: Mounting plugin CableComponent
LogPluginManager: Mounting plugin CustomMeshComponent
LogPluginManager: Mounting plugin EditableMesh
LogPluginManager: Mounting plugin ExampleDeviceProfileSelector
LogPluginManager: Mounting plugin Firebase
LogPluginManager: Mounting plugin GoogleCloudMessaging
LogPluginManager: Mounting plugin IOSDeviceProfileSelector
LogPluginManager: Mounting plugin LinuxDeviceProfileSelector
LogPluginManager: Mounting plugin LocationServicesBPLibrary
LogPluginManager: Mounting plugin MobilePatchingUtils
LogPluginManager: Mounting plugin OculusVR
LogPluginManager: Mounting plugin PhysXVehicles
LogPluginManager: Mounting plugin ProceduralMeshComponent
LogPluginManager: Mounting plugin RuntimePhysXCooking
LogPluginManager: Mounting plugin SignificanceManager
LogPluginManager: Mounting plugin SteamVR
LogPluginManager: Mounting plugin WebMMoviePlayer
LogPluginManager: Mounting plugin WindowsMoviePlayer
LogInit: Using libcurl 7.55.1-DEV
LogInit:  - built for x86_64-pc-win32
LogInit:  - supports SSL with OpenSSL/1.1.1
LogInit:  - supports HTTP deflate (compression) using libz 1.2.8
LogInit:  - other features:
LogInit:      CURL_VERSION_SSL
LogInit:      CURL_VERSION_LIBZ
LogInit:      CURL_VERSION_IPV6
LogInit:      CURL_VERSION_ASYNCHDNS
LogInit:      CURL_VERSION_LARGEFILE
LogInit:      CURL_VERSION_IDN
LogInit:  CurlRequestOptions (configurable via config and command line):
LogInit:  - bVerifyPeer = true  - Libcurl will verify peer certificate
LogInit:  - bUseHttpProxy = false  - Libcurl will NOT use HTTP proxy
LogInit:  - bDontReuseConnections = false  - Libcurl will reuse connections
LogInit:  - MaxHostConnections = 16  - Libcurl will limit the number of connections to a host
LogInit:  - LocalHostAddr = Default
LogInit:  - BufferSize = 65536
LogInit: WinSock: version 1.1 (2.2), MaxSocks=32767, MaxUdp=65467
LogInit: Build: ++UE4+Release-4.22-CL-7053642
LogInit: Engine Version: 4.22.3-7053642+++UE4+Release-4.22
LogInit: Compatible Engine Version: 4.22.0-5660361+++UE4+Release-4.22
LogInit: Net CL: 5660361
LogInit: OS: Windows 10 (Release 1809) (), CPU: Intel(R) Core(TM) i7-8750H CPU @ 2.20GHz, GPU: NVIDIA GeForce GTX 1070
LogInit: Compiled (64-bit): Jun 18 2019 03:09:11
LogInit: Compiled with Visual C++: 19.16.27025.01
LogInit: Build Configuration: Development
LogInit: Branch Name: ++UE4+Release-4.22
LogInit: Command Line: 
LogInit: Base Directory: D:/Program Files/Epic Games/UE_4.20/UE_4.22/Engine/Binaries/Win64/
LogInit: Installed Engine Build: 1
LogDevObjectVersion: Number of dev versions registered: 23
LogDevObjectVersion:   Dev-Blueprints (B0D832E4-1F89-4F0D-ACCF-7EB736FD4AA2): 10
LogDevObjectVersion:   Dev-Build (E1C64328-A22C-4D53-A36C-8E866417BD8C): 0
LogDevObjectVersion:   Dev-Core (375EC13C-06E4-48FB-B500-84F0262A717E): 3
LogDevObjectVersion:   Dev-Editor (E4B068ED-F494-42E9-A231-DA0B2E46BB41): 30
LogDevObjectVersion:   Dev-Framework (CFFC743F-43B0-4480-9391-14DF171D2073): 35
LogDevObjectVersion:   Dev-Mobile (B02B49B5-BB20-44E9-A304-32B752E40360): 2
LogDevObjectVersion:   Dev-Networking (A4E4105C-59A1-49B5-A7C5-40C4547EDFEE): 0
LogDevObjectVersion:   Dev-Online (39C831C9-5AE6-47DC-9A44-9C173E1C8E7C): 0
LogDevObjectVersion:   Dev-Physics (78F01B33-EBEA-4F98-B9B4-84EACCB95AA2): 0
LogDevObjectVersion:   Dev-Platform (6631380F-2D4D-43E0-8009-CF276956A95A): 0
LogDevObjectVersion:   Dev-Rendering (12F88B9F-8875-4AFC-A67C-D90C383ABD29): 28
LogDevObjectVersion:   Dev-Sequencer (7B5AE74C-D270-4C10-A958-57980B212A5A): 11
LogDevObjectVersion:   Dev-VR (D7296918-1DD6-4BDD-9DE2-64A83CC13884): 2
LogDevObjectVersion:   Dev-LoadTimes (C2A15278-BFE7-4AFE-6C17-90FF531DF755): 1
LogDevObjectVersion:   Private-Geometry (6EACA3D4-40EC-4CC1-B786-8BED09428FC5): 3
LogDevObjectVersion:   Dev-AnimPhys (29E575DD-E0A3-4627-9D10-D276232CDCEA): 17
LogDevObjectVersion:   Dev-Anim (AF43A65D-7FD3-4947-9873-3E8ED9C1BB05): 2
LogDevObjectVersion:   Dev-ReflectionCapture (6B266CEC-1EC7-4B8F-A30B-E4D90942FC07): 1
LogDevObjectVersion:   Dev-Automation (0DF73D61-A23F-47EA-B727-89E90C41499A): 1
LogDevObjectVersion:   FortniteMain (601D1886-AC64-4F84-AA16-D3DE0DEAC7D6): 25
LogDevObjectVersion:   Dev-Enterprise (9DFFBCD6-494F-0158-E221-12823C92A888): 6
LogDevObjectVersion:   Dev-Niagara (F2AED0AC-9AFE-416F-8664-AA7FFA26D6FC): 1
LogDevObjectVersion:   Dev-Destruction (174F1F0B-B4C6-45A5-B13F-2EE8D0FB917D): 2
LogInit: Presizing for max 16777216 objects, including 0 objects not considered by GC, pre-allocating 0 bytes for permanent pool.
LogInit: Object subsystem initialized
LogConfig: Setting CVar [[con.DebugEarlyDefault:1]]
LogConfig: Setting CVar [[r.setres:1280x720]]
[2019.07.08-18.22.26:885][  0]LogConfig: Setting CVar [[r.VSync:0]]
[2019.07.08-18.22.26:885][  0]LogConfig: Setting CVar [[r.RHICmdBypass:0]]
[2019.07.08-18.22.26:885][  0]LogConfig: Applying CVar settings from Section [/Script/Engine.RendererSettings] File [D:/Documents/GitHub/2DProject/sidescroller/Saved/Config/Windows/Engine.ini]
[2019.07.08-18.22.26:885][  0]LogConfig: Setting CVar [[r.GPUCrashDebugging:0]]
[2019.07.08-18.22.26:885][  0]LogConfig: Setting CVar [[r.MobileHDR:1]]
[2019.07.08-18.22.26:885][  0]LogConfig: Setting CVar [[r.Mobile.DisableVertexFog:1]]
[2019.07.08-18.22.26:885][  0]LogConfig: Setting CVar [[r.Shadow.CSM.MaxMobileCascades:2]]
[2019.07.08-18.22.26:885][  0]LogConfig: Setting CVar [[r.MobileMSAA:1]]
[2019.07.08-18.22.26:885][  0]LogConfig: Setting CVar [[r.Mobile.UseLegacyShadingModel:0]]
[2019.07.08-18.22.26:885][  0]LogConfig: Setting CVar [[r.Mobile.UseHWsRGBEncoding:0]]
[2019.07.08-18.22.26:885][  0]LogConfig: Setting CVar [[r.Mobile.AllowDitheredLODTransition:0]]
[2019.07.08-18.22.26:885][  0]LogConfig: Setting CVar [[r.Mobile.AllowSoftwareOcclusion:0]]
[2019.07.08-18.22.26:885][  0]LogConfig: Setting CVar [[r.DiscardUnusedQuality:0]]
[2019.07.08-18.22.26:885][  0]LogConfig: Setting CVar [[r.AllowOcclusionQueries:1]]
[2019.07.08-18.22.26:885][  0]LogConfig: Setting CVar [[r.MinScreenRadiusForLights:0.030000]]
[2019.07.08-18.22.26:885][  0]LogConfig: Setting CVar [[r.MinScreenRadiusForDepthPrepass:0.030000]]
[2019.07.08-18.22.26:885][  0]LogConfig: Setting CVar [[r.MinScreenRadiusForCSMDepth:0.010000]]
[2019.07.08-18.22.26:885][  0]LogConfig: Setting CVar [[r.PrecomputedVisibilityWarning:0]]
[2019.07.08-18.22.26:885][  0]LogConfig: Setting CVar [[r.TextureStreaming:1]]
[2019.07.08-18.22.26:885][  0]LogConfig: Setting CVar [[Compat.UseDXT5NormalMaps:0]]
[2019.07.08-18.22.26:885][  0]LogConfig: Setting CVar [[r.ClearCoatNormal:0]]
[2019.07.08-18.22.26:885][  0]LogConfig: Setting CVar [[r.ReflectionCaptureResolution:128]]
[2019.07.08-18.22.26:885][  0]LogConfig: Setting CVar [[r.ReflectionEnvironmentLightmapMixBasedOnRoughness:1]]
[2019.07.08-18.22.26:885][  0]LogConfig: Setting CVar [[r.ForwardShading:0]]
[2019.07.08-18.22.26:885][  0]LogConfig: Setting CVar [[r.VertexFoggingForOpaque:1]]
[2019.07.08-18.22.26:885][  0]LogConfig: Setting CVar [[r.AllowStaticLighting:1]]
[2019.07.08-18.22.26:885][  0]LogConfig: Setting CVar [[r.NormalMapsForStaticLighting:0]]
[2019.07.08-18.22.26:885][  0]LogConfig: Setting CVar [[r.GenerateMeshDistanceFields:0]]
[2019.07.08-18.22.26:885][  0]LogConfig: Setting CVar [[r.DistanceFieldBuild.EightBit:0]]
[2019.07.08-18.22.26:885][  0]LogConfig: Setting CVar [[r.GenerateLandscapeGIData:0]]
[2019.07.08-18.22.26:885][  0]LogConfig: Setting CVar [[r.DistanceFieldBuild.Compress:0]]
[2019.07.08-18.22.26:885][  0]LogConfig: Setting CVar [[r.TessellationAdaptivePixelsPerTriangle:48.000000]]
[2019.07.08-18.22.26:885][  0]LogConfig: Setting CVar [[r.SeparateTranslucency:1]]
[2019.07.08-18.22.26:885][  0]LogConfig: Setting CVar [[r.TranslucentSortPolicy:0]]
[2019.07.08-18.22.26:885][  0]LogConfig: Setting CVar [[r.CustomDepth:1]]
[2019.07.08-18.22.26:885][  0]LogConfig: Setting CVar [[r.CustomDepthTemporalAAJitter:1]]
[2019.07.08-18.22.26:885][  0]LogConfig: Setting CVar [[r.PostProcessing.PropagateAlpha:0]]
[2019.07.08-18.22.26:885][  0]LogConfig: Setting CVar [[r.DOF.Algorithm:1]]
[2019.07.08-18.22.26:885][  0]LogConfig: Setting CVar [[r.DefaultFeature.Bloom:1]]
[2019.07.08-18.22.26:885][  0]LogConfig: Setting CVar [[r.DefaultFeature.AmbientOcclusion:1]]
[2019.07.08-18.22.26:885][  0]LogConfig: Setting CVar [[r.DefaultFeature.AmbientOcclusionStaticFraction:1]]
[2019.07.08-18.22.26:885][  0]LogConfig: Setting CVar [[r.DefaultFeature.AutoExposure:1]]
[2019.07.08-18.22.26:885][  0]LogConfig: Setting CVar [[r.DefaultFeature.AutoExposure.Method:0]]
[2019.07.08-18.22.26:885][  0]LogConfig: Setting CVar [[r.DefaultFeature.AutoExposure.ExtendDefaultLuminanceRange:0]]
[2019.07.08-18.22.26:885][  0]LogConfig: Setting CVar [[r.UsePreExposure:0]]
[2019.07.08-18.22.26:885][  0]LogConfig: Setting CVar [[r.DefaultFeature.MotionBlur:1]]
[2019.07.08-18.22.26:885][  0]LogConfig: Setting CVar [[r.DefaultFeature.LensFlare:0]]
[2019.07.08-18.22.26:885][  0]LogConfig: Setting CVar [[r.TemporalAA.Upsampling:0]]
[2019.07.08-18.22.26:885][  0]LogConfig: Setting CVar [[r.DefaultFeature.AntiAliasing:2]]
[2019.07.08-18.22.26:885][  0]LogConfig: Setting CVar [[r.DefaultFeature.LightUnits:1]]
[2019.07.08-18.22.26:885][  0]LogConfig: Setting CVar [[r.DefaultBackBufferPixelFormat:4]]
[2019.07.08-18.22.26:885][  0]LogConfig: Setting CVar [[r.Shadow.UnbuiltPreviewInGame:1]]
[2019.07.08-18.22.26:885][  0]LogConfig: Setting CVar [[r.StencilForLODDither:0]]
[2019.07.08-18.22.26:885][  0]LogConfig: Setting CVar [[r.EarlyZPass:3]]
[2019.07.08-18.22.26:885][  0]LogConfig: Setting CVar [[r.EarlyZPassOnlyMaterialMasking:0]]
[2019.07.08-18.22.26:885][  0]LogConfig: Setting CVar [[r.DBuffer:1]]
[2019.07.08-18.22.26:885][  0]LogConfig: Setting CVar [[r.ClearSceneMethod:1]]
[2019.07.08-18.22.26:885][  0]LogConfig: Setting CVar [[r.BasePassOutputsVelocity:0]]
[2019.07.08-18.22.26:885][  0]LogConfig: Setting CVar [[r.SelectiveBasePassOutputs:0]]
[2019.07.08-18.22.26:885][  0]LogConfig: Setting CVar [[fx.GPUSimulationTextureSizeX:1024]]
[2019.07.08-18.22.26:885][  0]LogConfig: Setting CVar [[fx.GPUSimulationTextureSizeY:1024]]
[2019.07.08-18.22.26:885][  0]LogConfig: Setting CVar [[r.AllowGlobalClipPlane:0]]
[2019.07.08-18.22.26:885][  0]LogConfig: Setting CVar [[r.GBufferFormat:1]]
[2019.07.08-18.22.26:885][  0]LogConfig: Setting CVar [[r.MorphTarget.Mode:1]]
[2019.07.08-18.22.26:885][  0]LogConfig: Setting CVar [[vr.InstancedStereo:0]]
[2019.07.08-18.22.26:885][  0]LogConfig: Setting CVar [[vr.MultiView:0]]
[2019.07.08-18.22.26:885][  0]LogConfig: Setting CVar [[vr.MobileMultiView:0]]
[2019.07.08-18.22.26:885][  0]LogConfig: Setting CVar [[vr.MobileMultiView.Direct:0]]
[2019.07.08-18.22.26:885][  0]LogConfig: Setting CVar [[vr.RoundRobinOcclusion:0]]
[2019.07.08-18.22.26:885][  0]LogConfig: Setting CVar [[vr.ODSCapture:0]]
[2019.07.08-18.22.26:885][  0]LogConfig: Setting CVar [[r.WireframeCullThreshold:5.000000]]
[2019.07.08-18.22.26:885][  0]LogConfig: Setting CVar [[r.RayTracing:0]]
[2019.07.08-18.22.26:885][  0]LogConfig: Setting CVar [[r.SupportStationarySkylight:1]]
[2019.07.08-18.22.26:885][  0]LogConfig: Setting CVar [[r.SupportLowQualityLightmaps:1]]
[2019.07.08-18.22.26:885][  0]LogConfig: Setting CVar [[r.SupportPointLightWholeSceneShadows:1]]
[2019.07.08-18.22.26:885][  0]LogConfig: Setting CVar [[r.SupportAtmosphericFog:1]]
[2019.07.08-18.22.26:885][  0]LogConfig: Setting CVar [[r.SkinCache.CompileShaders:0]]
[2019.07.08-18.22.26:885][  0]LogConfig: Setting CVar [[r.Mobile.EnableStaticAndCSMShadowReceivers:1]]
[2019.07.08-18.22.26:885][  0]LogConfig: Setting CVar [[r.Mobile.EnableMovableLightCSMShaderCulling:1]]
[2019.07.08-18.22.26:885][  0]LogConfig: Setting CVar [[r.Mobile.AllowDistanceFieldShadows:1]]
[2019.07.08-18.22.26:885][  0]LogConfig: Setting CVar [[r.Mobile.AllowMovableDirectionalLights:1]]
[2019.07.08-18.22.26:885][  0]LogConfig: Setting CVar [[r.MobileNumDynamicPointLights:4]]
[2019.07.08-18.22.26:885][  0]LogConfig: Setting CVar [[r.MobileDynamicPointLightsUseStaticBranch:1]]
[2019.07.08-18.22.26:885][  0]LogConfig: Setting CVar [[r.Mobile.EnableMovableSpotlights:0]]
[2019.07.08-18.22.26:885][  0]LogConfig: Setting CVar [[r.SkinCache.SceneMemoryLimitInMB:128.000000]]
[2019.07.08-18.22.26:885][  0]LogConfig: Setting CVar [[r.GPUSkin.Limit2BoneInfluences:0]]
[2019.07.08-18.22.26:885][  0]LogConfig: Setting CVar [[r.SupportDepthOnlyIndexBuffers:1]]
[2019.07.08-18.22.26:885][  0]LogConfig: Setting CVar [[r.SupportReversedIndexBuffers:1]]
[2019.07.08-18.22.26:885][  0]LogConfig: Setting CVar [[r.SupportMaterialLayers:0]]
[2019.07.08-18.22.26:885][  0]LogConfig: Applying CVar settings from Section [/Script/Engine.RendererOverrideSettings] File [D:/Documents/GitHub/2DProject/sidescroller/Saved/Config/Windows/Engine.ini]
[2019.07.08-18.22.26:885][  0]LogConfig: Applying CVar settings from Section [/Script/Engine.StreamingSettings] File [D:/Documents/GitHub/2DProject/sidescroller/Saved/Config/Windows/Engine.ini]
[2019.07.08-18.22.26:885][  0]LogConfig: Setting CVar [[s.MinBulkDataSizeForAsyncLoading:131072]]
[2019.07.08-18.22.26:885][  0]LogConfig: Setting CVar [[s.AsyncLoadingThreadEnabled:0]]
[2019.07.08-18.22.26:885][  0]LogConfig: Setting CVar [[s.EventDrivenLoaderEnabled:1]]
[2019.07.08-18.22.26:885][  0]LogConfig: Setting CVar [[s.WarnIfTimeLimitExceeded:0]]
[2019.07.08-18.22.26:885][  0]LogConfig: Setting CVar [[s.TimeLimitExceededMultiplier:1.5]]
[2019.07.08-18.22.26:885][  0]LogConfig: Setting CVar [[s.TimeLimitExceededMinTime:0.005]]
[2019.07.08-18.22.26:885][  0]LogConfig: Setting CVar [[s.UseBackgroundLevelStreaming:1]]
[2019.07.08-18.22.26:885][  0]LogConfig: Setting CVar [[s.PriorityAsyncLoadingExtraTime:15.0]]
[2019.07.08-18.22.26:885][  0]LogConfig: Setting CVar [[s.LevelStreamingActorsUpdateTimeLimit:5.0]]
[2019.07.08-18.22.26:885][  0]LogConfig: Setting CVar [[s.PriorityLevelStreamingActorsUpdateExtraTime:5.0]]
[2019.07.08-18.22.26:885][  0]LogConfig: Setting CVar [[s.LevelStreamingComponentsRegistrationGranularity:10]]
[2019.07.08-18.22.26:885][  0]LogConfig: Setting CVar [[s.UnregisterComponentsTimeLimit:1.0]]
[2019.07.08-18.22.26:885][  0]LogConfig: Setting CVar [[s.LevelStreamingComponentsUnregistrationGranularity:5]]
[2019.07.08-18.22.26:885][  0]LogConfig: Applying CVar settings from Section [/Script/Engine.GarbageCollectionSettings] File [D:/Documents/GitHub/2DProject/sidescroller/Saved/Config/Windows/Engine.ini]
[2019.07.08-18.22.26:885][  0]LogConfig: Setting CVar [[gc.MaxObjectsNotConsideredByGC:1]]
[2019.07.08-18.22.26:885][  0]LogConfig: Setting CVar [[gc.SizeOfPermanentObjectPool:0]]
[2019.07.08-18.22.26:885][  0]LogConfig: Setting CVar [[gc.FlushStreamingOnGC:0]]
[2019.07.08-18.22.26:885][  0]LogConfig: Setting CVar [[gc.NumRetriesBeforeForcingGC:10]]
[2019.07.08-18.22.26:886][  0]LogConfig: Setting CVar [[gc.AllowParallelGC:1]]
[2019.07.08-18.22.26:886][  0]LogConfig: Setting CVar [[gc.TimeBetweenPurgingPendingKillObjects:61.1]]
[2019.07.08-18.22.26:886][  0]LogConfig: Setting CVar [[gc.MaxObjectsInEditor:16777216]]
[2019.07.08-18.22.26:886][  0]LogConfig: Setting CVar [[gc.IncrementalBeginDestroyEnabled:1]]
[2019.07.08-18.22.26:886][  0]LogConfig: Setting CVar [[gc.CreateGCClusters:1]]
[2019.07.08-18.22.26:886][  0]LogConfig: Setting CVar [[gc.MinGCClusterSize:5]]
[2019.07.08-18.22.26:886][  0]LogConfig: Setting CVar [[gc.ActorClusteringEnabled:0]]
[2019.07.08-18.22.26:886][  0]LogConfig: Setting CVar [[gc.BlueprintClusteringEnabled:0]]
[2019.07.08-18.22.26:886][  0]LogConfig: Setting CVar [[gc.UseDisregardForGCOnDedicatedServers:0]]
[2019.07.08-18.22.26:886][  0]LogConfig: Applying CVar settings from Section [/Script/Engine.NetworkSettings] File [D:/Documents/GitHub/2DProject/sidescroller/Saved/Config/Windows/Engine.ini]
[2019.07.08-18.22.26:886][  0]LogConfig: Applying CVar settings from Section [/Script/UnrealEd.CookerSettings] File [D:/Documents/GitHub/2DProject/sidescroller/Saved/Config/Windows/Engine.ini]
[2019.07.08-18.22.26:888][  0]LogConfig: Applying CVar settings from Section [ViewDistanceQuality@3] File [D:/Documents/GitHub/2DProject/sidescroller/Saved/Config/Windows/Scalability.ini]
[2019.07.08-18.22.26:888][  0]LogConfig: Setting CVar [[r.SkeletalMeshLODBias:0]]
[2019.07.08-18.22.26:888][  0]LogConfig: Setting CVar [[r.ViewDistanceScale:1.0]]
[2019.07.08-18.22.26:889][  0]LogConfig: Applying CVar settings from Section [AntiAliasingQuality@3] File [D:/Documents/GitHub/2DProject/sidescroller/Saved/Config/Windows/Scalability.ini]
[2019.07.08-18.22.26:889][  0]LogConfig: Setting CVar [[r.PostProcessAAQuality:4]]
[2019.07.08-18.22.26:889][  0]LogConfig: Applying CVar settings from Section [ShadowQuality@3] File [D:/Documents/GitHub/2DProject/sidescroller/Saved/Config/Windows/Scalability.ini]
[2019.07.08-18.22.26:889][  0]LogConfig: Setting CVar [[r.LightFunctionQuality:1]]
[2019.07.08-18.22.26:889][  0]LogConfig: Setting CVar [[r.ShadowQuality:5]]
[2019.07.08-18.22.26:889][  0]LogConfig: Setting CVar [[r.Shadow.CSM.MaxCascades:10]]
[2019.07.08-18.22.26:889][  0]LogConfig: Setting CVar [[r.Shadow.MaxResolution:2048]]
[2019.07.08-18.22.26:889][  0]LogConfig: Setting CVar [[r.Shadow.MaxCSMResolution:2048]]
[2019.07.08-18.22.26:889][  0]LogConfig: Setting CVar [[r.Shadow.RadiusThreshold:0.01]]
[2019.07.08-18.22.26:889][  0]LogConfig: Setting CVar [[r.Shadow.DistanceScale:1.0]]
[2019.07.08-18.22.26:889][  0]LogConfig: Setting CVar [[r.Shadow.CSM.TransitionScale:1.0]]
[2019.07.08-18.22.26:889][  0]LogConfig: Setting CVar [[r.Shadow.PreShadowResolutionFactor:1.0]]
[2019.07.08-18.22.26:889][  0]LogConfig: Setting CVar [[r.DistanceFieldShadowing:1]]
[2019.07.08-18.22.26:889][  0]LogConfig: Setting CVar [[r.DistanceFieldAO:1]]
[2019.07.08-18.22.26:889][  0]LogConfig: Setting CVar [[r.AOQuality:2]]
[2019.07.08-18.22.26:889][  0]LogConfig: Setting CVar [[r.VolumetricFog:1]]
[2019.07.08-18.22.26:889][  0]LogConfig: Setting CVar [[r.VolumetricFog.GridPixelSize:8]]
[2019.07.08-18.22.26:889][  0]LogConfig: Setting CVar [[r.VolumetricFog.GridSizeZ:128]]
[2019.07.08-18.22.26:889][  0]LogConfig: Setting CVar [[r.VolumetricFog.HistoryMissSupersampleCount:4]]
[2019.07.08-18.22.26:889][  0]LogConfig: Setting CVar [[r.LightMaxDrawDistanceScale:1]]
[2019.07.08-18.22.26:889][  0]LogConfig: Setting CVar [[r.CapsuleShadows:1]]
[2019.07.08-18.22.26:889][  0]LogConfig: Applying CVar settings from Section [PostProcessQuality@3] File [D:/Documents/GitHub/2DProject/sidescroller/Saved/Config/Windows/Scalability.ini]
[2019.07.08-18.22.26:889][  0]LogConfig: Setting CVar [[r.MotionBlurQuality:4]]
[2019.07.08-18.22.26:889][  0]LogConfig: Setting CVar [[r.AmbientOcclusionMipLevelFactor:0.4]]
[2019.07.08-18.22.26:889][  0]LogConfig: Setting CVar [[r.AmbientOcclusionMaxQuality:100]]
[2019.07.08-18.22.26:889][  0]LogConfig: Setting CVar [[r.AmbientOcclusionLevels:-1]]
[2019.07.08-18.22.26:889][  0]LogConfig: Setting CVar [[r.AmbientOcclusionRadiusScale:1.0]]
[2019.07.08-18.22.26:889][  0]LogConfig: Setting CVar [[r.DepthOfFieldQuality:2]]
[2019.07.08-18.22.26:889][  0]LogConfig: Setting CVar [[r.RenderTargetPoolMin:400]]
[2019.07.08-18.22.26:889][  0]LogConfig: Setting CVar [[r.LensFlareQuality:2]]
[2019.07.08-18.22.26:889][  0]LogConfig: Setting CVar [[r.SceneColorFringeQuality:1]]
[2019.07.08-18.22.26:889][  0]LogConfig: Setting CVar [[r.EyeAdaptationQuality:2]]
[2019.07.08-18.22.26:889][  0]LogConfig: Setting CVar [[r.BloomQuality:5]]
[2019.07.08-18.22.26:889][  0]LogConfig: Setting CVar [[r.FastBlurThreshold:100]]
[2019.07.08-18.22.26:889][  0]LogConfig: Setting CVar [[r.Upscale.Quality:3]]
[2019.07.08-18.22.26:889][  0]LogConfig: Setting CVar [[r.Tonemapper.GrainQuantization:1]]
[2019.07.08-18.22.26:889][  0]LogConfig: Setting CVar [[r.LightShaftQuality:1]]
[2019.07.08-18.22.26:889][  0]LogConfig: Setting CVar [[r.Filter.SizeScale:1]]
[2019.07.08-18.22.26:889][  0]LogConfig: Setting CVar [[r.Tonemapper.Quality:5]]
[2019.07.08-18.22.26:889][  0]LogConfig: Setting CVar [[r.DOF.Gather.AccumulatorQuality:1        ; higher gathering accumulator quality]]
[2019.07.08-18.22.26:889][  0]LogConfig: Setting CVar [[r.DOF.Gather.PostfilterMethod:1          ; Median3x3 postfilering method]]
[2019.07.08-18.22.26:889][  0]LogConfig: Setting CVar [[r.DOF.Gather.EnableBokehSettings:0       ; no bokeh simulation when gathering]]
[2019.07.08-18.22.26:889][  0]LogConfig: Setting CVar [[r.DOF.Gather.RingCount:4                 ; medium number of samples when gathering]]
[2019.07.08-18.22.26:889][  0]LogConfig: Setting CVar [[r.DOF.Scatter.ForegroundCompositing:1    ; additive foreground scattering]]
[2019.07.08-18.22.26:889][  0]LogConfig: Setting CVar [[r.DOF.Scatter.BackgroundCompositing:2    ; additive background scattering]]
[2019.07.08-18.22.26:889][  0]LogConfig: Setting CVar [[r.DOF.Scatter.EnableBokehSettings:1      ; bokeh simulation when scattering]]
[2019.07.08-18.22.26:889][  0]LogConfig: Setting CVar [[r.DOF.Scatter.MaxSpriteRatio:0.1         ; only a maximum of 10% of scattered bokeh]]
[2019.07.08-18.22.26:889][  0]LogConfig: Setting CVar [[r.DOF.Recombine.Quality:1                ; cheap slight out of focus]]
[2019.07.08-18.22.26:889][  0]LogConfig: Setting CVar [[r.DOF.Recombine.EnableBokehSettings:0    ; no bokeh simulation on slight out of focus]]
[2019.07.08-18.22.26:889][  0]LogConfig: Setting CVar [[r.DOF.TemporalAAQuality:1                ; more stable temporal accumulation]]
[2019.07.08-18.22.26:889][  0]LogConfig: Setting CVar [[r.DOF.Kernel.MaxForegroundRadius:0.025]]
[2019.07.08-18.22.26:889][  0]LogConfig: Setting CVar [[r.DOF.Kernel.MaxBackgroundRadius:0.025]]
[2019.07.08-18.22.26:889][  0]LogConfig: Applying CVar settings from Section [TextureQuality@3] File [D:/Documents/GitHub/2DProject/sidescroller/Saved/Config/Windows/Scalability.ini]
[2019.07.08-18.22.26:889][  0]LogConfig: Setting CVar [[r.Streaming.MipBias:0]]
[2019.07.08-18.22.26:889][  0]LogConfig: Setting CVar [[r.Streaming.AmortizeCPUToGPUCopy:0]]
[2019.07.08-18.22.26:889][  0]LogConfig: Setting CVar [[r.Streaming.MaxNumTexturesToStreamPerFrame:0]]
[2019.07.08-18.22.26:889][  0]LogConfig: Setting CVar [[r.Streaming.Boost:1]]
[2019.07.08-18.22.26:889][  0]LogConfig: Setting CVar [[r.MaxAnisotropy:8]]
[2019.07.08-18.22.26:889][  0]LogConfig: Setting CVar [[r.Streaming.LimitPoolSizeToVRAM:0]]
[2019.07.08-18.22.26:889][  0]LogConfig: Setting CVar [[r.Streaming.PoolSize:1000]]
[2019.07.08-18.22.26:889][  0]LogConfig: Setting CVar [[r.Streaming.MaxEffectiveScreenSize:0]]
[2019.07.08-18.22.26:889][  0]LogConfig: Applying CVar settings from Section [EffectsQuality@3] File [D:/Documents/GitHub/2DProject/sidescroller/Saved/Config/Windows/Scalability.ini]
[2019.07.08-18.22.26:889][  0]LogConfig: Setting CVar [[r.TranslucencyLightingVolumeDim:64]]
[2019.07.08-18.22.26:889][  0]LogConfig: Setting CVar [[r.RefractionQuality:2]]
[2019.07.08-18.22.26:889][  0]LogConfig: Setting CVar [[r.SSR.Quality:3]]
[2019.07.08-18.22.26:889][  0]LogConfig: Setting CVar [[r.SceneColorFormat:4]]
[2019.07.08-18.22.26:889][  0]LogConfig: Setting CVar [[r.DetailMode:2]]
[2019.07.08-18.22.26:889][  0]LogConfig: Setting CVar [[r.TranslucencyVolumeBlur:1]]
[2019.07.08-18.22.26:889][  0]LogConfig: Setting CVar [[r.MaterialQualityLevel:1 ; High quality]]
[2019.07.08-18.22.26:889][  0]LogConfig: Setting CVar [[r.SSS.Scale:1]]
[2019.07.08-18.22.26:889][  0]LogConfig: Setting CVar [[r.SSS.SampleSet:2]]
[2019.07.08-18.22.26:889][  0]LogConfig: Setting CVar [[r.SSS.Quality:1]]
[2019.07.08-18.22.26:889][  0]LogConfig: Setting CVar [[r.SSS.HalfRes:1]]
[2019.07.08-18.22.26:889][  0]LogConfig: Setting CVar [[r.EmitterSpawnRateScale:1.0]]
[2019.07.08-18.22.26:889][  0]LogConfig: Setting CVar [[r.ParticleLightQuality:2]]
[2019.07.08-18.22.26:889][  0]LogConfig: Applying CVar settings from Section [FoliageQuality@3] File [D:/Documents/GitHub/2DProject/sidescroller/Saved/Config/Windows/Scalability.ini]
[2019.07.08-18.22.26:889][  0]LogConfig: Setting CVar [[foliage.DensityScale:1.0]]
[2019.07.08-18.22.26:889][  0]LogConfig: Setting CVar [[grass.DensityScale:1.0]]
[2019.07.08-18.22.26:889][  0]LogInit: Selected Device Profile: [Windows]
[2019.07.08-18.22.26:889][  0]LogInit: Applying CVar settings loaded from the selected device profile: [Windows]
[2019.07.08-18.22.26:896][  0]LogHAL: Display: Platform has ~ 16 GB [17035571200 / 17179869184 / 16], which maps to Larger [LargestMinGB=32, LargerMinGB=12, DefaultMinGB=8, SmallerMinGB=6, SmallestMinGB=0)
[2019.07.08-18.22.26:896][  0]LogConfig: Setting CVar [[r.Vulkan.UseRealUBs:0		; Required until we fix HLR fall-out]]
[2019.07.08-18.22.26:896][  0]LogInit: Going up to parent DeviceProfile []
[2019.07.08-18.22.26:896][  0]LogConfig: Applying CVar settings from Section [ViewDistanceQuality@3] File [D:/Documents/GitHub/2DProject/sidescroller/Saved/Config/Windows/Scalability.ini]
[2019.07.08-18.22.26:896][  0]LogConfig: Setting CVar [[r.SkeletalMeshLODBias:0]]
[2019.07.08-18.22.26:896][  0]LogConfig: Setting CVar [[r.ViewDistanceScale:1.0]]
[2019.07.08-18.22.26:896][  0]LogConfig: Applying CVar settings from Section [AntiAliasingQuality@3] File [D:/Documents/GitHub/2DProject/sidescroller/Saved/Config/Windows/Scalability.ini]
[2019.07.08-18.22.26:897][  0]LogConfig: Setting CVar [[r.PostProcessAAQuality:4]]
[2019.07.08-18.22.26:897][  0]LogConfig: Applying CVar settings from Section [ShadowQuality@3] File [D:/Documents/GitHub/2DProject/sidescroller/Saved/Config/Windows/Scalability.ini]
[2019.07.08-18.22.26:897][  0]LogConfig: Setting CVar [[r.LightFunctionQuality:1]]
[2019.07.08-18.22.26:897][  0]LogConfig: Setting CVar [[r.ShadowQuality:5]]
[2019.07.08-18.22.26:897][  0]LogConfig: Setting CVar [[r.Shadow.CSM.MaxCascades:10]]
[2019.07.08-18.22.26:897][  0]LogConfig: Setting CVar [[r.Shadow.MaxResolution:2048]]
[2019.07.08-18.22.26:897][  0]LogConfig: Setting CVar [[r.Shadow.MaxCSMResolution:2048]]
[2019.07.08-18.22.26:897][  0]LogConfig: Setting CVar [[r.Shadow.RadiusThreshold:0.01]]
[2019.07.08-18.22.26:897][  0]LogConfig: Setting CVar [[r.Shadow.DistanceScale:1.0]]
[2019.07.08-18.22.26:897][  0]LogConfig: Setting CVar [[r.Shadow.CSM.TransitionScale:1.0]]
[2019.07.08-18.22.26:897][  0]LogConfig: Setting CVar [[r.Shadow.PreShadowResolutionFactor:1.0]]
[2019.07.08-18.22.26:897][  0]LogConfig: Setting CVar [[r.DistanceFieldShadowing:1]]
[2019.07.08-18.22.26:897][  0]LogConfig: Setting CVar [[r.DistanceFieldAO:1]]
[2019.07.08-18.22.26:897][  0]LogConfig: Setting CVar [[r.AOQuality:2]]
[2019.07.08-18.22.26:897][  0]LogConfig: Setting CVar [[r.VolumetricFog:1]]
[2019.07.08-18.22.26:897][  0]LogConfig: Setting CVar [[r.VolumetricFog.GridPixelSize:8]]
[2019.07.08-18.22.26:897][  0]LogConfig: Setting CVar [[r.VolumetricFog.GridSizeZ:128]]
[2019.07.08-18.22.26:897][  0]LogConfig: Setting CVar [[r.VolumetricFog.HistoryMissSupersampleCount:4]]
[2019.07.08-18.22.26:897][  0]LogConfig: Setting CVar [[r.LightMaxDrawDistanceScale:1]]
[2019.07.08-18.22.26:897][  0]LogConfig: Setting CVar [[r.CapsuleShadows:1]]
[2019.07.08-18.22.26:897][  0]LogConfig: Applying CVar settings from Section [PostProcessQuality@3] File [D:/Documents/GitHub/2DProject/sidescroller/Saved/Config/Windows/Scalability.ini]
[2019.07.08-18.22.26:897][  0]LogConfig: Setting CVar [[r.MotionBlurQuality:4]]
[2019.07.08-18.22.26:897][  0]LogConfig: Setting CVar [[r.AmbientOcclusionMipLevelFactor:0.4]]
[2019.07.08-18.22.26:897][  0]LogConfig: Setting CVar [[r.AmbientOcclusionMaxQuality:100]]
[2019.07.08-18.22.26:897][  0]LogConfig: Setting CVar [[r.AmbientOcclusionLevels:-1]]
[2019.07.08-18.22.26:897][  0]LogConfig: Setting CVar [[r.AmbientOcclusionRadiusScale:1.0]]
[2019.07.08-18.22.26:897][  0]LogConfig: Setting CVar [[r.DepthOfFieldQuality:2]]
[2019.07.08-18.22.26:897][  0]LogConfig: Setting CVar [[r.RenderTargetPoolMin:400]]
[2019.07.08-18.22.26:897][  0]LogConfig: Setting CVar [[r.LensFlareQuality:2]]
[2019.07.08-18.22.26:897][  0]LogConfig: Setting CVar [[r.SceneColorFringeQuality:1]]
[2019.07.08-18.22.26:897][  0]LogConfig: Setting CVar [[r.EyeAdaptationQuality:2]]
[2019.07.08-18.22.26:897][  0]LogConfig: Setting CVar [[r.BloomQuality:5]]
[2019.07.08-18.22.26:897][  0]LogConfig: Setting CVar [[r.FastBlurThreshold:100]]
[2019.07.08-18.22.26:897][  0]LogConfig: Setting CVar [[r.Upscale.Quality:3]]
[2019.07.08-18.22.26:897][  0]LogConfig: Setting CVar [[r.Tonemapper.GrainQuantization:1]]
[2019.07.08-18.22.26:897][  0]LogConfig: Setting CVar [[r.LightShaftQuality:1]]
[2019.07.08-18.22.26:897][  0]LogConfig: Setting CVar [[r.Filter.SizeScale:1]]
[2019.07.08-18.22.26:897][  0]LogConfig: Setting CVar [[r.Tonemapper.Quality:5]]
[2019.07.08-18.22.26:897][  0]LogConfig: Setting CVar [[r.DOF.Gather.AccumulatorQuality:1        ; higher gathering accumulator quality]]
[2019.07.08-18.22.26:897][  0]LogConfig: Setting CVar [[r.DOF.Gather.PostfilterMethod:1          ; Median3x3 postfilering method]]
[2019.07.08-18.22.26:897][  0]LogConfig: Setting CVar [[r.DOF.Gather.EnableBokehSettings:0       ; no bokeh simulation when gathering]]
[2019.07.08-18.22.26:897][  0]LogConfig: Setting CVar [[r.DOF.Gather.RingCount:4                 ; medium number of samples when gathering]]
[2019.07.08-18.22.26:897][  0]LogConfig: Setting CVar [[r.DOF.Scatter.ForegroundCompositing:1    ; additive foreground scattering]]
[2019.07.08-18.22.26:897][  0]LogConfig: Setting CVar [[r.DOF.Scatter.BackgroundCompositing:2    ; additive background scattering]]
[2019.07.08-18.22.26:897][  0]LogConfig: Setting CVar [[r.DOF.Scatter.EnableBokehSettings:1      ; bokeh simulation when scattering]]
[2019.07.08-18.22.26:897][  0]LogConfig: Setting CVar [[r.DOF.Scatter.MaxSpriteRatio:0.1         ; only a maximum of 10% of scattered bokeh]]
[2019.07.08-18.22.26:897][  0]LogConfig: Setting CVar [[r.DOF.Recombine.Quality:1                ; cheap slight out of focus]]
[2019.07.08-18.22.26:897][  0]LogConfig: Setting CVar [[r.DOF.Recombine.EnableBokehSettings:0    ; no bokeh simulation on slight out of focus]]
[2019.07.08-18.22.26:897][  0]LogConfig: Setting CVar [[r.DOF.TemporalAAQuality:1                ; more stable temporal accumulation]]
[2019.07.08-18.22.26:897][  0]LogConfig: Setting CVar [[r.DOF.Kernel.MaxForegroundRadius:0.025]]
[2019.07.08-18.22.26:897][  0]LogConfig: Setting CVar [[r.DOF.Kernel.MaxBackgroundRadius:0.025]]
[2019.07.08-18.22.26:897][  0]LogConfig: Applying CVar settings from Section [TextureQuality@3] File [D:/Documents/GitHub/2DProject/sidescroller/Saved/Config/Windows/Scalability.ini]
[2019.07.08-18.22.26:897][  0]LogConfig: Setting CVar [[r.Streaming.MipBias:0]]
[2019.07.08-18.22.26:897][  0]LogConfig: Setting CVar [[r.Streaming.AmortizeCPUToGPUCopy:0]]
[2019.07.08-18.22.26:897][  0]LogConfig: Setting CVar [[r.Streaming.MaxNumTexturesToStreamPerFrame:0]]
[2019.07.08-18.22.26:897][  0]LogConfig: Setting CVar [[r.Streaming.Boost:1]]
[2019.07.08-18.22.26:897][  0]LogConfig: Setting CVar [[r.MaxAnisotropy:8]]
[2019.07.08-18.22.26:897][  0]LogConfig: Setting CVar [[r.Streaming.LimitPoolSizeToVRAM:0]]
[2019.07.08-18.22.26:897][  0]LogConfig: Setting CVar [[r.Streaming.PoolSize:1000]]
[2019.07.08-18.22.26:897][  0]LogConfig: Setting CVar [[r.Streaming.MaxEffectiveScreenSize:0]]
[2019.07.08-18.22.26:897][  0]LogConfig: Applying CVar settings from Section [EffectsQuality@3] File [D:/Documents/GitHub/2DProject/sidescroller/Saved/Config/Windows/Scalability.ini]
[2019.07.08-18.22.26:897][  0]LogConfig: Setting CVar [[r.TranslucencyLightingVolumeDim:64]]
[2019.07.08-18.22.26:897][  0]LogConfig: Setting CVar [[r.RefractionQuality:2]]
[2019.07.08-18.22.26:897][  0]LogConfig: Setting CVar [[r.SSR.Quality:3]]
[2019.07.08-18.22.26:897][  0]LogConfig: Setting CVar [[r.SceneColorFormat:4]]
[2019.07.08-18.22.26:897][  0]LogConfig: Setting CVar [[r.DetailMode:2]]
[2019.07.08-18.22.26:897][  0]LogConfig: Setting CVar [[r.TranslucencyVolumeBlur:1]]
[2019.07.08-18.22.26:897][  0]LogConfig: Setting CVar [[r.MaterialQualityLevel:1 ; High quality]]
[2019.07.08-18.22.26:897][  0]LogConfig: Setting CVar [[r.SSS.Scale:1]]
[2019.07.08-18.22.26:897][  0]LogConfig: Setting CVar [[r.SSS.SampleSet:2]]
[2019.07.08-18.22.26:897][  0]LogConfig: Setting CVar [[r.SSS.Quality:1]]
[2019.07.08-18.22.26:897][  0]LogConfig: Setting CVar [[r.SSS.HalfRes:1]]
[2019.07.08-18.22.26:897][  0]LogConfig: Setting CVar [[r.EmitterSpawnRateScale:1.0]]
[2019.07.08-18.22.26:897][  0]LogConfig: Setting CVar [[r.ParticleLightQuality:2]]
[2019.07.08-18.22.26:897][  0]LogConfig: Applying CVar settings from Section [FoliageQuality@3] File [D:/Documents/GitHub/2DProject/sidescroller/Saved/Config/Windows/Scalability.ini]
[2019.07.08-18.22.26:897][  0]LogConfig: Setting CVar [[foliage.DensityScale:1.0]]
[2019.07.08-18.22.26:897][  0]LogConfig: Setting CVar [[grass.DensityScale:1.0]]
[2019.07.08-18.22.26:897][  0]LogConfig: Applying CVar settings from Section [Startup] File [../../../Engine/Config/ConsoleVariables.ini]
[2019.07.08-18.22.26:898][  0]LogConfig: Setting CVar [[net.UseAdaptiveNetUpdateFrequency:0]]
[2019.07.08-18.22.26:898][  0]LogConfig: Setting CVar [[p.chaos.AllowCreatePhysxBodies:1]]
[2019.07.08-18.22.26:898][  0]LogConfig: Applying CVar settings from Section [ConsoleVariables] File [D:/Documents/GitHub/2DProject/sidescroller/Saved/Config/Windows/Engine.ini]
[2019.07.08-18.22.26:898][  0]LogInit: Computer: DESKTOP-4HVPJ3C
[2019.07.08-18.22.26:898][  0]LogInit: User: flame
[2019.07.08-18.22.26:898][  0]LogInit: CPU Page size=4096, Cores=6
[2019.07.08-18.22.26:898][  0]LogInit: High frequency timer resolution =10.000000 MHz
[2019.07.08-18.22.26:898][  0]LogMemory: Memory total: Physical=15.9GB (16GB approx)
[2019.07.08-18.22.26:898][  0]LogMemory: Platform Memory Stats for Windows
[2019.07.08-18.22.26:898][  0]LogMemory: Process Physical Memory: 96.52 MB used, 96.52 MB peak
[2019.07.08-18.22.26:898][  0]LogMemory: Process Virtual Memory: 91.48 MB used, 91.48 MB peak
[2019.07.08-18.22.26:898][  0]LogMemory: Physical Memory: 5336.51 MB used,  10909.88 MB free, 16246.39 MB total
[2019.07.08-18.22.26:898][  0]LogMemory: Virtual Memory: 4676.25 MB used,  134213048.00 MB free, 134217728.00 MB total
[2019.07.08-18.22.26:957][  0]LogInit: Using OS detected language (en-US).
[2019.07.08-18.22.26:958][  0]LogInit: Using OS detected locale (en-CA).
[2019.07.08-18.22.26:959][  0]LogTextLocalizationManager: No specific localization for 'en-US' exists, so the 'en' localization will be used.
[2019.07.08-18.22.27:093][  0]LogInit: Setting process to per monitor DPI aware
[2019.07.08-18.22.27:120][  0]LogSlate: New Slate User Created.  User Index 0, Is Virtual User: 0
[2019.07.08-18.22.27:120][  0]LogSlate: Slate User Registered.  User Index 0, Is Virtual User: 0
[2019.07.08-18.22.27:334][  0]LogHMD: Failed to initialize OpenVR with code 110
[2019.07.08-18.22.27:334][  0]LogD3D11RHI: D3D11 adapters:
[2019.07.08-18.22.27:402][  0]LogD3D11RHI:    0. 'NVIDIA GeForce GTX 1070' (Feature Level 11_0)
[2019.07.08-18.22.27:402][  0]LogD3D11RHI:       8081/0/8123 MB DedicatedVideo/DedicatedSystem/SharedSystem, Outputs:1, VendorId:0x10de
[2019.07.08-18.22.27:428][  0]LogD3D11RHI:    1. 'Intel(R) UHD Graphics 630' (Feature Level 11_0)
[2019.07.08-18.22.27:428][  0]LogD3D11RHI:       128/0/8123 MB DedicatedVideo/DedicatedSystem/SharedSystem, Outputs:0, VendorId:0x8086
[2019.07.08-18.22.27:430][  0]LogD3D11RHI:    2. 'Microsoft Basic Render Driver' (Feature Level 11_0)
[2019.07.08-18.22.27:430][  0]LogD3D11RHI:       0/0/8123 MB DedicatedVideo/DedicatedSystem/SharedSystem, Outputs:0, VendorId:0x1414
[2019.07.08-18.22.27:430][  0]LogD3D11RHI: Chosen D3D11 Adapter: 0
[2019.07.08-18.22.27:436][  0]LogD3D11RHI: Creating new Direct3DDevice
[2019.07.08-18.22.27:436][  0]LogD3D11RHI:     GPU DeviceId: 0x1be1 (for the marketing name, search the web for "GPU Device Id")
[2019.07.08-18.22.27:436][  0]LogWindows: EnumDisplayDevices:
[2019.07.08-18.22.27:436][  0]LogWindows:    0. 'NVIDIA GeForce GTX 1070' (P:1 D:1)
[2019.07.08-18.22.27:437][  0]LogWindows:    1. 'NVIDIA GeForce GTX 1070' (P:0 D:0)
[2019.07.08-18.22.27:437][  0]LogWindows:    2. 'NVIDIA GeForce GTX 1070' (P:0 D:0)
[2019.07.08-18.22.27:437][  0]LogWindows:    3. 'NVIDIA GeForce GTX 1070' (P:0 D:0)
[2019.07.08-18.22.27:437][  0]LogWindows:    4. 'Intel(R) UHD Graphics 630' (P:0 D:0)
[2019.07.08-18.22.27:437][  0]LogWindows:    5. 'Intel(R) UHD Graphics 630' (P:0 D:0)
[2019.07.08-18.22.27:438][  0]LogWindows:    6. 'Intel(R) UHD Graphics 630' (P:0 D:0)
[2019.07.08-18.22.27:438][  0]LogWindows: DebugString: PrimaryIsNotTheChoosenAdapter PrimaryIsNotTheChoosenAdapter PrimaryIsNotTheChoosenAdapter FoundDriverCount:4 
[2019.07.08-18.22.27:438][  0]LogD3D11RHI:     Adapter Name: NVIDIA GeForce GTX 1070
[2019.07.08-18.22.27:438][  0]LogD3D11RHI:   Driver Version: 398.27 (internal:24.21.13.9827, unified:398.27)
[2019.07.08-18.22.27:438][  0]LogD3D11RHI:      Driver Date: 6-13-2018
[2019.07.08-18.22.27:438][  0]LogRHI: Texture pool is 5656 MB (70% of 8081 MB)
[2019.07.08-18.22.27:472][  0]LogD3D11RHI: Async texture creation enabled
[2019.07.08-18.22.27:476][  0]LogRendererCore: FGlobalReadBuffer::InitRHI
[2019.07.08-18.22.27:476][  0]LogRendererCore: FGlobalReadBuffer::InitRHI
[2019.07.08-18.22.27:476][  0]LogRendererCore: FGlobalReadBuffer::InitRHI
[2019.07.08-18.22.27:488][  0]LogD3D11RHI: GPU Timing Frequency: 1000.000000 (Debug: 2 2)
[2019.07.08-18.22.27:812][  0]LogTemp: Display: Module 'AllDesktopTargetPlatform' loaded TargetPlatform 'AllDesktop'
[2019.07.08-18.22.27:823][  0]LogTemp: Display: Module 'MacClientTargetPlatform' loaded TargetPlatform 'MacClient'
[2019.07.08-18.22.27:834][  0]LogTemp: Display: Module 'MacNoEditorTargetPlatform' loaded TargetPlatform 'MacNoEditor'
[2019.07.08-18.22.27:846][  0]LogTemp: Display: Module 'MacServerTargetPlatform' loaded TargetPlatform 'MacServer'
[2019.07.08-18.22.27:858][  0]LogTemp: Display: Module 'MacTargetPlatform' loaded TargetPlatform 'Mac'
[2019.07.08-18.22.27:870][  0]LogTemp: Display: Module 'WindowsClientTargetPlatform' loaded TargetPlatform 'WindowsClient'
[2019.07.08-18.22.27:881][  0]LogTemp: Display: Module 'WindowsNoEditorTargetPlatform' loaded TargetPlatform 'WindowsNoEditor'
[2019.07.08-18.22.27:893][  0]LogTemp: Display: Module 'WindowsServerTargetPlatform' loaded TargetPlatform 'WindowsServer'
[2019.07.08-18.22.27:898][  0]LogTemp: Display: Module 'WindowsTargetPlatform' loaded TargetPlatform 'Windows'
[2019.07.08-18.22.27:965][  0]LogTemp: Display: Module 'AndroidTargetPlatform' loaded TargetPlatform 'Android'
[2019.07.08-18.22.27:965][  0]LogTemp: Display: Module 'AndroidTargetPlatform' loaded TargetPlatform 'Android_ASTC'
[2019.07.08-18.22.27:965][  0]LogTemp: Display: Module 'AndroidTargetPlatform' loaded TargetPlatform 'Android_ATC'
[2019.07.08-18.22.27:965][  0]LogTemp: Display: Module 'AndroidTargetPlatform' loaded TargetPlatform 'Android_DXT'
[2019.07.08-18.22.27:965][  0]LogTemp: Display: Module 'AndroidTargetPlatform' loaded TargetPlatform 'Android_ETC1'
[2019.07.08-18.22.27:965][  0]LogTemp: Display: Module 'AndroidTargetPlatform' loaded TargetPlatform 'Android_ETC1a'
[2019.07.08-18.22.27:965][  0]LogTemp: Display: Module 'AndroidTargetPlatform' loaded TargetPlatform 'Android_ETC2'
[2019.07.08-18.22.27:965][  0]LogTemp: Display: Module 'AndroidTargetPlatform' loaded TargetPlatform 'Android_PVRTC'
[2019.07.08-18.22.27:965][  0]LogTemp: Display: Module 'AndroidTargetPlatform' loaded TargetPlatform 'AndroidClient'
[2019.07.08-18.22.27:965][  0]LogTemp: Display: Module 'AndroidTargetPlatform' loaded TargetPlatform 'Android_ASTCClient'
[2019.07.08-18.22.27:965][  0]LogTemp: Display: Module 'AndroidTargetPlatform' loaded TargetPlatform 'Android_ATCClient'
[2019.07.08-18.22.27:965][  0]LogTemp: Display: Module 'AndroidTargetPlatform' loaded TargetPlatform 'Android_DXTClient'
[2019.07.08-18.22.27:965][  0]LogTemp: Display: Module 'AndroidTargetPlatform' loaded TargetPlatform 'Android_ETC1Client'
[2019.07.08-18.22.27:965][  0]LogTemp: Display: Module 'AndroidTargetPlatform' loaded TargetPlatform 'Android_ETC1aClient'
[2019.07.08-18.22.27:965][  0]LogTemp: Display: Module 'AndroidTargetPlatform' loaded TargetPlatform 'Android_ETC2Client'
[2019.07.08-18.22.27:965][  0]LogTemp: Display: Module 'AndroidTargetPlatform' loaded TargetPlatform 'Android_PVRTCClient'
[2019.07.08-18.22.27:965][  0]LogTemp: Display: Module 'AndroidTargetPlatform' loaded TargetPlatform 'Android_Multi'
[2019.07.08-18.22.27:965][  0]LogTemp: Display: Module 'AndroidTargetPlatform' loaded TargetPlatform 'Android_MultiClient'
[2019.07.08-18.22.27:967][  0]LogTemp: Display: Module 'HTML5TargetPlatform' loaded TargetPlatform 'HTML5'
[2019.07.08-18.22.28:012][  0]LogTemp: Display: Module 'IOSTargetPlatform' loaded TargetPlatform 'IOSClient'
[2019.07.08-18.22.28:012][  0]LogTemp: Display: Module 'IOSTargetPlatform' loaded TargetPlatform 'IOS'
[2019.07.08-18.22.28:032][  0]LogTemp: Display: Module 'TVOSTargetPlatform' loaded TargetPlatform 'TVOSClient'
[2019.07.08-18.22.28:032][  0]LogTemp: Display: Module 'TVOSTargetPlatform' loaded TargetPlatform 'TVOS'
[2019.07.08-18.22.28:043][  0]LogTemp: Display: Module 'LinuxClientTargetPlatform' loaded TargetPlatform 'LinuxClient'
[2019.07.08-18.22.28:053][  0]LogTemp: Display: Module 'LinuxNoEditorTargetPlatform' loaded TargetPlatform 'LinuxNoEditor'
[2019.07.08-18.22.28:064][  0]LogTemp: Display: Module 'LinuxServerTargetPlatform' loaded TargetPlatform 'LinuxServer'
[2019.07.08-18.22.28:075][  0]LogTemp: Display: Module 'LinuxTargetPlatform' loaded TargetPlatform 'Linux'
[2019.07.08-18.22.28:112][  0]LogTemp: Display: Module 'LuminTargetPlatform' loaded TargetPlatform 'Lumin'
[2019.07.08-18.22.28:112][  0]LogTemp: Display: Module 'LuminTargetPlatform' loaded TargetPlatform 'LuminClient'
[2019.07.08-18.22.28:112][  0]LogTargetPlatformManager: Display: Building Assets For Windows
[2019.07.08-18.22.28:118][  0]LogAudioDebug: Display: Lib vorbis DLL was dynamically loaded.
[2019.07.08-18.22.28:151][  0]LogShaderCompilers: Guid format shader working directory is -14 characters bigger than the processId version (../../../../../../../Documents/GitHub/2DProject/sidescroller/Intermediate/Shaders/WorkingDirectory/3972/).
[2019.07.08-18.22.28:152][  0]LogShaderCompilers: Cleaned the shader compiler working directory 'C:/Users/flame/AppData/Local/Temp/UnrealShaderWorkingDir/6AB304E54D9DD0399063A3A86887447E/'.
[2019.07.08-18.22.28:153][  0]LogXGEController: Cleaning working directory: C:/Users/flame/AppData/Local/Temp/UnrealXGEWorkingDir/
[2019.07.08-18.22.28:153][  0]LogXGEController: Cannot use XGE Controller as Incredibuild is not installed on this machine.
[2019.07.08-18.22.28:153][  0]LogShaderCompilers: Cannot use XGE Shader Compiler as Incredibuild is not installed on this machine.
[2019.07.08-18.22.28:153][  0]LogShaderCompilers: Display: Using Local Shader Compiler.
[2019.07.08-18.22.28:647][  0]LogDerivedDataCache: Display: Max Cache Size: 512 MB
[2019.07.08-18.22.28:689][  0]LogDerivedDataCache: Loaded boot cache 0.04s 73MB C:/Users/flame/AppData/Local/UnrealEngine/4.22/DerivedDataCache/Boot.ddc.
[2019.07.08-18.22.28:689][  0]LogDerivedDataCache: Display: Loaded Boot cache: C:/Users/flame/AppData/Local/UnrealEngine/4.22/DerivedDataCache/Boot.ddc
[2019.07.08-18.22.28:689][  0]LogDerivedDataCache: FDerivedDataBackendGraph:  Pak pak cache file ../../../../../../../Documents/GitHub/2DProject/sidescroller/DerivedDataCache/DDC.ddp not found, will not use a pak cache.
[2019.07.08-18.22.28:689][  0]LogDerivedDataCache: Unable to find inner node Pak for hierarchical cache Hierarchy.
[2019.07.08-18.22.28:689][  0]LogDerivedDataCache: FDerivedDataBackendGraph:  CompressedPak pak cache file ../../../../../../../Documents/GitHub/2DProject/sidescroller/DerivedDataCache/Compressed.ddp not found, will not use a pak cache.
[2019.07.08-18.22.28:689][  0]LogDerivedDataCache: Unable to find inner node CompressedPak for hierarchical cache Hierarchy.
[2019.07.08-18.22.28:699][  0]LogDerivedDataCache: Display: Pak cache opened for reading ../../../Engine/DerivedDataCache/Compressed.ddp.
[2019.07.08-18.22.28:699][  0]LogDerivedDataCache: FDerivedDataBackendGraph:  EnterprisePak pak cache file ../../../Enterprise/DerivedDataCache/Compressed.ddp not found, will not use a pak cache.
[2019.07.08-18.22.28:699][  0]LogDerivedDataCache: Unable to find inner node EnterprisePak for hierarchical cache Hierarchy.
[2019.07.08-18.22.28:712][  0]LogDerivedDataCache: Using Local data cache path C:/Users/flame/AppData/Local/UnrealEngine/Common/DerivedDataCache: Writable
[2019.07.08-18.22.28:712][  0]LogDerivedDataCache: Shared data cache path not found in *engine.ini, will not use an Shared cache.
[2019.07.08-18.22.28:712][  0]LogDerivedDataCache: Unable to find inner node Shared for hierarchical cache Hierarchy.
[2019.07.08-18.22.28:729][  0]LogMaterial: Verifying Global Shaders for PCD3D_SM5
[2019.07.08-18.22.28:730][  0]LogSlate: Using FreeType 2.6.0
[2019.07.08-18.22.28:731][  0]LogSlate: SlateFontServices - WITH_FREETYPE: 1, WITH_HARFBUZZ: 1
[2019.07.08-18.22.28:817][  0]LogAssetRegistry: FAssetRegistry took 0.0316 seconds to start up
[2019.07.08-18.22.29:094][  0]LogInit: Selected Device Profile: [Windows]
[2019.07.08-18.22.29:225][  0]LogMeshReduction: Using QuadricMeshReduction for automatic static mesh reduction
[2019.07.08-18.22.29:225][  0]LogMeshReduction: Using SimplygonMeshReduction for automatic skeletal mesh reduction
[2019.07.08-18.22.29:225][  0]LogMeshReduction: Using ProxyLODMeshReduction for automatic mesh merging
[2019.07.08-18.22.29:225][  0]LogMeshReduction: No distributed automatic mesh merging module available
[2019.07.08-18.22.29:225][  0]LogMeshMerging: No distributed automatic mesh merging module available
[2019.07.08-18.22.29:238][  0]LogNetVersion: sidescroller 1.0.0, NetCL: 5660361, EngineNetVer: 10, GameNetVer: 0 (Checksum: 3405438424)
[2019.07.08-18.22.29:588][  0]LogPackageLocalizationCache: Processed 10 localized package path(s) for 1 prioritized culture(s) in 0.033047 seconds
[2019.07.08-18.22.29:594][  0]LogUObjectArray: 42205 objects as part of root set at end of initial load.
[2019.07.08-18.22.29:594][  0]LogUObjectAllocator: 7325032 out of 0 bytes used by permanent object pool.
[2019.07.08-18.22.29:594][  0]LogUObjectArray: CloseDisregardForGC: 0/0 objects in disregard for GC pool
[2019.07.08-18.22.30:412][  0]LogTcpMessaging: Initializing TcpMessaging bridge
[2019.07.08-18.22.30:425][  0]LogUdpMessaging: Initializing bridge on interface 0.0.0.0:0 to multicast group 230.0.0.1:6666.
[2019.07.08-18.22.30:529][  0]SourceControl: Source control is disabled
[2019.07.08-18.22.30:529][  0]SourceControl: Source control is disabled
[2019.07.08-18.22.30:531][  0]SourceControl: Source control is disabled
[2019.07.08-18.22.30:533][  0]SourceControl: Source control is disabled
[2019.07.08-18.22.30:542][  0]LogVSAccessor: Display: Unable to create Visual Studio setup instance: 80040154
[2019.07.08-18.22.30:542][  0]LogVSAccessor: Display: Unable to create Visual Studio setup instance: 80040154
[2019.07.08-18.22.30:611][  0]LogAndroidPermission: UAndroidPermissionCallbackProxy::GetInstance
[2019.07.08-18.22.31:115][  0]LogOcInput: OculusInput pre-init called
[2019.07.08-18.22.31:824][  0]LogEngine: Initializing Engine...
[2019.07.08-18.22.31:825][  0]LogHMD: Failed to initialize OpenVR with code 110
[2019.07.08-18.22.31:826][  0]LogStats: UGameplayTagsManager::InitializeManager -  0.000 s
[2019.07.08-18.22.32:009][  0]LogInit: Initializing FReadOnlyCVARCache
[2019.07.08-18.22.32:018][  0]LogAIModule: Creating AISystem for world Untitled
[2019.07.08-18.22.32:027][  0]LogInit: XAudio2 using 'Speakers/Headphones (Realtek(R) Audio)' : 6 channels at 48 kHz using 32 bits per sample (channel mask 0x3f)
[2019.07.08-18.22.32:277][  0]LogInit: FAudioDevice initialized.
[2019.07.08-18.22.32:277][  0]LogNetVersion: Set ProjectVersion to 1.0.0.0. Version Checksum will be recalculated on next use.
[2019.07.08-18.22.32:321][  0]LogDerivedDataCache: Saved boot cache 0.04s 73MB C:/Users/flame/AppData/Local/UnrealEngine/4.22/DerivedDataCache/Boot.ddc.
[2019.07.08-18.22.32:326][  0]LogInit: Texture streaming: Enabled
[2019.07.08-18.22.32:343][  0]LogEngineSessionManager: EngineSessionManager initialized
[2019.07.08-18.22.32:357][  0]LogInit: Transaction tracking system initialized
[2019.07.08-18.22.32:372][  0]BlueprintLog: New page: Editor Load
[2019.07.08-18.22.32:424][  0]LocalizationService: Localization service is disabled
[2019.07.08-18.22.32:520][  0]LogVSAccessor: Display: Unable to create Visual Studio setup instance: 80040154
[2019.07.08-18.22.32:521][  0]LogVSAccessor: Display: Unable to create Visual Studio setup instance: 80040154
[2019.07.08-18.22.32:660][  0]LogFileCache: Scanning file cache for directory 'D:/Documents/GitHub/2DProject/sidescroller/Content/' took 0.01s
[2019.07.08-18.22.32:661][  0]LogCook: Display: Max memory allowance for cook 16384mb min free memory 0mb
[2019.07.08-18.22.32:661][  0]LogCook: Display: Mobile HDR setting 1
[2019.07.08-18.22.32:816][  0]SourceControl: Source control is disabled
[2019.07.08-18.22.32:816][  0]Cmd: MAP LOAD FILE="../../../../../../../Documents/GitHub/2DProject/sidescroller/Content/2DSideScrollerBP/Maps/2DSideScrollerExampleMap.umap" TEMPLATE=0 SHOWPROGRESS=1 FEATURELEVEL=3
[2019.07.08-18.22.32:816][  0]LightingResults: New page: Lighting Build
[2019.07.08-18.22.32:818][  0]MapCheck: New page: Map Check
[2019.07.08-18.22.32:818][  0]LightingResults: New page: Lighting Build
[2019.07.08-18.22.32:844][  0]LogUObjectHash: Compacting FUObjectHashTables data took   1.27ms
[2019.07.08-18.22.33:023][  0]LogAIModule: Creating AISystem for world 2DSideScrollerExampleMap
[2019.07.08-18.22.33:026][  0]LogEditorServer: Finished looking for orphan Actors (0.000 secs)
[2019.07.08-18.22.33:057][  0]LogUObjectHash: Compacting FUObjectHashTables data took   1.61ms
[2019.07.08-18.22.33:057][  0]Cmd: MAP CHECKDEP NOCLEARLOG
[2019.07.08-18.22.33:057][  0]MapCheck: Map check complete: 0 Error(s), 0 Warning(s), took 0.082ms to complete.
[2019.07.08-18.22.33:057][  0]LogFileHelpers: Loading map '2DSideScrollerExampleMap' took 0.241
[2019.07.08-18.22.33:204][  0]LogSlate: Updating window title bar state: overlay mode, drag disabled, window buttons hidden, title bar hidden
[2019.07.08-18.22.33:210][  0]LogSlate: Updating window title bar state: overlay mode, drag disabled, window buttons hidden, title bar hidden
[2019.07.08-18.22.33:216][  0]LogSlate: Updating window title bar state: overlay mode, drag disabled, window buttons hidden, title bar hidden
[2019.07.08-18.22.33:222][  0]LogSlate: Updating window title bar state: overlay mode, drag disabled, window buttons hidden, title bar hidden
[2019.07.08-18.22.33:227][  0]LogCollectionManager: Loaded 0 collections in 0.000839 seconds
[2019.07.08-18.22.33:280][  0]LogFileCache: Scanning file cache for directory 'D:/Documents/GitHub/2DProject/sidescroller/Saved/Collections/' took 0.01s
[2019.07.08-18.22.33:280][  0]LogFileCache: Scanning file cache for directory 'D:/Documents/GitHub/2DProject/sidescroller/Content/Developers/flame/Collections/' took 0.01s
[2019.07.08-18.22.33:280][  0]LogFileCache: Scanning file cache for directory 'D:/Documents/GitHub/2DProject/sidescroller/Content/Collections/' took 0.01s
[2019.07.08-18.22.33:280][  0]LogCollectionManager: Rebuilt the GUID cache for 0 collections in 0.000000 seconds
[2019.07.08-18.22.33:287][  0]LogContentBrowser: Native class hierarchy populated in 0.0071 seconds. Added 2732 classes and 659 folders.
[2019.07.08-18.22.33:291][  0]LogContentBrowser: Native class hierarchy updated for 'WidgetCarousel' in 0.0003 seconds. Added 0 classes and 0 folders.
[2019.07.08-18.22.33:342][  0]LogPakFile: Registered encryption key '00000000000000000000000000000000': 0 pak files mounted, 0 remain pending
[2019.07.08-18.22.33:370][  0]LogPakFile: Registered encryption key '00000000000000000000000000000000': 0 pak files mounted, 0 remain pending
[2019.07.08-18.22.33:373][  0]LogPakFile: Registered encryption key '00000000000000000000000000000000': 0 pak files mounted, 0 remain pending
[2019.07.08-18.22.33:375][  0]LogPakFile: Registered encryption key '00000000000000000000000000000000': 0 pak files mounted, 0 remain pending
[2019.07.08-18.22.33:379][  0]LogPakFile: Registered encryption key '00000000000000000000000000000000': 0 pak files mounted, 0 remain pending
[2019.07.08-18.22.33:382][  0]LogPakFile: Registered encryption key '00000000000000000000000000000000': 0 pak files mounted, 0 remain pending
[2019.07.08-18.22.33:385][  0]LogPakFile: Registered encryption key '00000000000000000000000000000000': 0 pak files mounted, 0 remain pending
[2019.07.08-18.22.33:389][  0]LogPakFile: Registered encryption key '00000000000000000000000000000000': 0 pak files mounted, 0 remain pending
[2019.07.08-18.22.33:392][  0]LogPakFile: Registered encryption key '00000000000000000000000000000000': 0 pak files mounted, 0 remain pending
[2019.07.08-18.22.33:395][  0]LogPakFile: Registered encryption key '00000000000000000000000000000000': 0 pak files mounted, 0 remain pending
[2019.07.08-18.22.33:400][  0]LogPakFile: Registered encryption key '00000000000000000000000000000000': 0 pak files mounted, 0 remain pending
[2019.07.08-18.22.33:404][  0]LogPakFile: Registered encryption key '00000000000000000000000000000000': 0 pak files mounted, 0 remain pending
[2019.07.08-18.22.33:408][  0]LogPakFile: Registered encryption key '00000000000000000000000000000000': 0 pak files mounted, 0 remain pending
[2019.07.08-18.22.33:410][  0]LogPakFile: Registered encryption key '00000000000000000000000000000000': 0 pak files mounted, 0 remain pending
[2019.07.08-18.22.33:413][  0]LogPakFile: Registered encryption key '00000000000000000000000000000000': 0 pak files mounted, 0 remain pending
[2019.07.08-18.22.33:417][  0]LogPakFile: Registered encryption key '00000000000000000000000000000000': 0 pak files mounted, 0 remain pending
[2019.07.08-18.22.33:419][  0]LogPakFile: Registered encryption key '00000000000000000000000000000000': 0 pak files mounted, 0 remain pending
[2019.07.08-18.22.33:422][  0]LogPakFile: Registered encryption key '00000000000000000000000000000000': 0 pak files mounted, 0 remain pending
[2019.07.08-18.22.33:426][  0]LogPakFile: Registered encryption key '00000000000000000000000000000000': 0 pak files mounted, 0 remain pending
[2019.07.08-18.22.33:429][  0]LogPakFile: Registered encryption key '00000000000000000000000000000000': 0 pak files mounted, 0 remain pending
[2019.07.08-18.22.33:432][  0]LogPakFile: Registered encryption key '00000000000000000000000000000000': 0 pak files mounted, 0 remain pending
[2019.07.08-18.22.33:434][  0]LogPakFile: Registered encryption key '00000000000000000000000000000000': 0 pak files mounted, 0 remain pending
[2019.07.08-18.22.33:438][  0]LogPakFile: Registered encryption key '00000000000000000000000000000000': 0 pak files mounted, 0 remain pending
[2019.07.08-18.22.33:440][  0]LogPakFile: Registered encryption key '00000000000000000000000000000000': 0 pak files mounted, 0 remain pending
[2019.07.08-18.22.33:443][  0]LogPakFile: Registered encryption key '00000000000000000000000000000000': 0 pak files mounted, 0 remain pending
[2019.07.08-18.22.33:445][  0]LogPakFile: Registered encryption key '00000000000000000000000000000000': 0 pak files mounted, 0 remain pending
[2019.07.08-18.22.33:954][  0]LogContentBrowser: Native class hierarchy updated for 'AddContentDialog' in 0.0003 seconds. Added 0 classes and 0 folders.
[2019.07.08-18.22.34:059][  0]LogContentBrowser: Native class hierarchy updated for 'SceneOutliner' in 0.0003 seconds. Added 1 classes and 2 folders.
[2019.07.08-18.22.34:072][  0]LogSlate: Took 0.000169 seconds to synchronously load lazily loaded font '../../../Engine/Content/Slate/Fonts/Roboto-Regular.ttf' (155K)
[2019.07.08-18.22.34:074][  0]LogSlate: Took 0.000159 seconds to synchronously load lazily loaded font '../../../Engine/Content/Slate/Fonts/Roboto-Bold.ttf' (160K)
[2019.07.08-18.22.34:093][  0]LogSlate: Took 0.015251 seconds to synchronously load lazily loaded font '../../../Engine/Content/Editor/Slate/Fonts/FontAwesome.ttf' (139K)
[2019.07.08-18.22.34:201][  0]LogRenderer: Reallocating scene render targets to support 1072x496 Format 10 NumSamples 1 (Frame:1).
[2019.07.08-18.22.34:264][  0]LogSlate: FSceneViewport::OnFocusLost() reason 2
[2019.07.08-18.22.34:307][  0]LogSlate: Window 'Tutorials' being destroyed
[2019.07.08-18.22.34:336][  0]LogContentBrowser: Native class hierarchy updated for 'HierarchicalLODOutliner' in 0.0003 seconds. Added 0 classes and 0 folders.
[2019.07.08-18.22.34:336][  0]LogLoad: (Engine Initialization) Total time: 9.99 seconds
[2019.07.08-18.22.34:336][  0]LogLoad: (Engine Initialization) Total Blueprint compile time: 0.00 seconds
[2019.07.08-18.22.34:365][  0]LogAssetRegistry: Asset discovery search completed in 5.5699 seconds
[2019.07.08-18.22.34:367][  0]LogCollectionManager: Rebuilt the object cache for 0 collections in 0.000000 seconds (found 0 objects)
[2019.07.08-18.22.34:367][  0]LogCollectionManager: Fixed up redirectors for 0 collections in 0.000043 seconds (updated 0 objects)
[2019.07.08-18.22.34:369][  0]LogContentStreaming: Texture pool size now 1000 MB
[2019.07.08-18.22.39:709][637]LogSlate: FSceneViewport::OnFocusLost() reason 0
[2019.07.08-18.22.58:936][856]Cmd: CAMERA ALIGN ACTIVEVIEWPORTONLY
[2019.07.08-18.22.58:936][856]Can't find target actor or component.
[2019.07.08-18.24.51:932][807]LogSlate: FSceneViewport::OnFocusLost() reason 2
[2019.07.08-18.24.54:071][931]LogSlate: Took 0.065729 seconds to synchronously load lazily loaded font '../../../Engine/Content/Slate/Fonts/Roboto-Light.ttf' (167K)
[2019.07.08-18.25.28:642][ 29]LogSlate: FSceneViewport::OnFocusLost() reason 2
[2019.07.08-18.25.30:713][153]LogSlate: FSceneViewport::OnFocusLost() reason 2
[2019.07.08-18.25.30:716][153]LogAssetEditorManager: Opening Asset editor for LevelScriptBlueprint /Game/2DSideScrollerBP/Maps/2DSideScrollerExampleMap.2DSideScrollerExampleMap:PersistentLevel.2DSideScrollerExampleMap
[2019.07.08-18.25.30:983][153]LogContentBrowser: Native class hierarchy updated for 'BlueprintGraph' in 0.0006 seconds. Added 121 classes and 0 folders.
[2019.07.08-18.25.31:700][153]LogSlate: Took 0.005001 seconds to synchronously load lazily loaded font '../../../Engine/Content/Slate/Fonts/Roboto-BoldCondensed.ttf' (158K)
[2019.07.08-18.32.42:858][267]LogUObjectHash: Compacting FUObjectHashTables data took   2.68ms
[2019.07.08-18.32.43:296][267]LogSavePackage: Moving '../../../../../../../Documents/GitHub/2DProject/sidescroller/Saved/2DSideScrollerExampleMap_Auto11CC5D28B4B7FBF53EADEBE92F89A8FAC.tmp' to '../../../../../../../Documents/GitHub/2DProject/sidescroller/Saved/Autosaves/Game/2DSideScrollerBP/Maps/2DSideScrollerExampleMap_Auto1.umap'
[2019.07.08-18.32.43:300][267]LogFileHelpers: Editor autosave (incl. sublevels) for '/Game/2DSideScrollerBP/Maps/2DSideScrollerExampleMap' took 0.477
[2019.07.08-18.32.43:300][267]LogFileHelpers: Editor autosave (incl. sublevels) for all levels took 0.477
[2019.07.08-18.39.22:179][473]LogEditorViewport: Clicking on Actor (LMB): 2DSideScrollerCharacter_C (2DSideScrollerCharacter)
[2019.07.08-18.39.25:521][646]LogEditorViewport: Clicking on Actor (LMB): PaperSpriteActor (Background_Sprite)
[2019.07.08-18.39.27:125][739]LogSlate: FSceneViewport::OnFocusLost() reason 0
[2019.07.08-18.39.27:225][745]LogTemp: Repeating last play command: Selected Viewport
[2019.07.08-18.39.27:230][745]LogBlueprintUserMessages: Early PlayInEditor Detection: Level '/Game/2DSideScrollerBP/Maps/2DSideScrollerExampleMap.2DSideScrollerExampleMap:PersistentLevel' has LevelScriptBlueprint '/Game/2DSideScrollerBP/Maps/2DSideScrollerExampleMap.2DSideScrollerExampleMap:PersistentLevel.2DSideScrollerExampleMap' with GeneratedClass '/Game/2DSideScrollerBP/Maps/2DSideScrollerExampleMap.2DSideScrollerExampleMap_C' with ClassGeneratedBy '/Game/2DSideScrollerBP/Maps/2DSideScrollerExampleMap.2DSideScrollerExampleMap:PersistentLevel.2DSideScrollerExampleMap'
[2019.07.08-18.39.27:230][745]LogPlayLevel: PlayLevel: No blueprints needed recompiling
[2019.07.08-18.39.27:230][745]PIE: New page: PIE session: 2DSideScrollerExampleMap (Jul 8, 2019, 10:39:27 AM)
[2019.07.08-18.39.27:243][745]LogPlayLevel: Creating play world package: /Game/2DSideScrollerBP/Maps/UEDPIE_0_2DSideScrollerExampleMap
[2019.07.08-18.39.27:246][745]LogPlayLevel: PIE: StaticDuplicateObject took: (0.002507s)
[2019.07.08-18.39.27:246][745]LogAIModule: Creating AISystem for world 2DSideScrollerExampleMap
[2019.07.08-18.39.27:247][745]LogPlayLevel: PIE: World Init took: (0.000500s)
[2019.07.08-18.39.27:247][745]LogPlayLevel: PIE: Created PIE world by copying editor world from /Game/2DSideScrollerBP/Maps/2DSideScrollerExampleMap.2DSideScrollerExampleMap to /Game/2DSideScrollerBP/Maps/UEDPIE_0_2DSideScrollerExampleMap.2DSideScrollerExampleMap (0.003222s)
[2019.07.08-18.39.27:276][745]LogUObjectHash: Compacting FUObjectHashTables data took   2.37ms
[2019.07.08-18.39.27:282][745]LogInit: XAudio2 using 'Speakers/Headphones (Realtek(R) Audio)' : 6 channels at 48 kHz using 32 bits per sample (channel mask 0x3f)
[2019.07.08-18.39.27:381][745]LogInit: FAudioDevice initialized.
[2019.07.08-18.39.27:418][745]LogLoad: Game class is '2DSideScrollerGameMode_C'
[2019.07.08-18.39.27:419][745]LogWorld: Bringing World /Game/2DSideScrollerBP/Maps/UEDPIE_0_2DSideScrollerExampleMap.2DSideScrollerExampleMap up for play (max tick rate 60) at 2019.07.08-14.39.27
[2019.07.08-18.39.27:420][745]LogWorld: Bringing up level for play took: 0.000918
[2019.07.08-18.39.27:433][745]LogBlueprintActionDatabase: Requesting refresh due to module change: Voice (loaded)
[2019.07.08-18.39.27:435][745]LogBlueprintActionDatabase: Requesting refresh due to module change: MovieSceneCapture (loaded)
[2019.07.08-18.39.27:435][745]LogContentBrowser: Native class hierarchy updated for 'MovieSceneCapture' in 0.0003 seconds. Added 20 classes and 0 folders.
[2019.07.08-18.39.27:436][745]PIE: Play in editor start time for /Game/2DSideScrollerBP/Maps/UEDPIE_0_2DSideScrollerExampleMap 0.359
[2019.07.08-18.39.27:436][745]LogBlueprintUserMessages: Late PlayInEditor Detection: Level '/Game/2DSideScrollerBP/Maps/2DSideScrollerExampleMap.2DSideScrollerExampleMap:PersistentLevel' has LevelScriptBlueprint '/Game/2DSideScrollerBP/Maps/2DSideScrollerExampleMap.2DSideScrollerExampleMap:PersistentLevel.2DSideScrollerExampleMap' with GeneratedClass '/Game/2DSideScrollerBP/Maps/2DSideScrollerExampleMap.2DSideScrollerExampleMap_C' with ClassGeneratedBy '/Game/2DSideScrollerBP/Maps/2DSideScrollerExampleMap.2DSideScrollerExampleMap:PersistentLevel.2DSideScrollerExampleMap'
[2019.07.08-18.40.01:495][775]LogBlueprintUserMessages: Early EndPlayMap Detection: Level '/Game/2DSideScrollerBP/Maps/2DSideScrollerExampleMap.2DSideScrollerExampleMap:PersistentLevel' has LevelScriptBlueprint '/Game/2DSideScrollerBP/Maps/2DSideScrollerExampleMap.2DSideScrollerExampleMap:PersistentLevel.2DSideScrollerExampleMap' with GeneratedClass '/Game/2DSideScrollerBP/Maps/2DSideScrollerExampleMap.2DSideScrollerExampleMap_C' with ClassGeneratedBy '/Game/2DSideScrollerBP/Maps/2DSideScrollerExampleMap.2DSideScrollerExampleMap:PersistentLevel.2DSideScrollerExampleMap'
[2019.07.08-18.40.01:495][775]LogSlate: Updating window title bar state: overlay mode, drag disabled, window buttons hidden, title bar hidden
[2019.07.08-18.40.01:526][775]LogPlayLevel: Display: Shutting down PIE online subsystems
[2019.07.08-18.40.01:527][775]LogBlueprintUserMessages: Late EndPlayMap Detection: Level '/Game/2DSideScrollerBP/Maps/2DSideScrollerExampleMap.2DSideScrollerExampleMap:PersistentLevel' has LevelScriptBlueprint '/Game/2DSideScrollerBP/Maps/2DSideScrollerExampleMap.2DSideScrollerExampleMap:PersistentLevel.2DSideScrollerExampleMap' with GeneratedClass '/Game/2DSideScrollerBP/Maps/2DSideScrollerExampleMap.2DSideScrollerExampleMap_C' with ClassGeneratedBy '/Game/2DSideScrollerBP/Maps/2DSideScrollerExampleMap.2DSideScrollerExampleMap:PersistentLevel.2DSideScrollerExampleMap'
[2019.07.08-18.40.01:568][775]LogSlate: Updating window title bar state: overlay mode, drag disabled, window buttons hidden, title bar hidden
[2019.07.08-18.40.01:586][775]LogUObjectHash: Compacting FUObjectHashTables data took   4.12ms
[2019.07.08-18.40.01:596][776]LogPlayLevel: Display: Destroying online subsystem :Context_3
